<?xml version="1.0" encoding="UTF-8"?>
<!-- Generated by org.testng.reporters.JUnitReportReporter -->
<testsuite skipped="0" hostname="Anathi-PC" name="SOSFastAutomation.SOSFast.Stations" tests="3" failures="0" timestamp="29 May 2019 13:06:24 GMT" time="7.280" errors="0">
  <testcase name="Dashboard" time="2.407" classname="SOSFastAutomation.SOSFast.Stations"/>
  <testcase name="Searchbox" time="0.392" classname="SOSFastAutomation.SOSFast.Stations"/>
  <testcase name="ServiceStation" time="4.481" classname="SOSFastAutomation.SOSFast.Stations"/>
</testsuite> <!-- SOSFastAutomation.SOSFast.Stations -->
