<?xml version="1.0" encoding="UTF-8"?>
<!-- Generated by org.testng.reporters.JUnitReportReporter -->
<testsuite skipped="0" hostname="CindyPrecious" name="SOSFastAutomation.SOSFast.ManageProfile" tests="4" failures="0" timestamp="31 May 2019 12:20:54 GMT" time="16.188" errors="0">
  <testcase name="verifySignIn" time="0.123" classname="SOSFastAutomation.SOSFast.ManageProfile"/>
  <testcase name="verifyLogin" time="3.314" classname="SOSFastAutomation.SOSFast.ManageProfile"/>
  <testcase name="verifySignButton" time="0.132" classname="SOSFastAutomation.SOSFast.ManageProfile"/>
  <testcase name="VerifyFilter" time="12.619" classname="SOSFastAutomation.SOSFast.ManageProfile"/>
</testsuite> <!-- SOSFastAutomation.SOSFast.ManageProfile -->
