<?xml version="1.0" encoding="UTF-8"?>
<!-- Generated by org.testng.reporters.JUnitReportReporter -->
<testsuite skipped="0" hostname="Anathi-PC" name="SOSFastAutomation.SOSFast.Stations" tests="3" failures="0" timestamp="31 May 2019 12:24:16 GMT" time="6.361" errors="0">
  <testcase name="Dashboard" time="2.414" classname="SOSFastAutomation.SOSFast.Stations"/>
  <testcase name="Searchbox" time="0.368" classname="SOSFastAutomation.SOSFast.Stations"/>
  <testcase name="ServiceStation" time="3.579" classname="SOSFastAutomation.SOSFast.Stations"/>
</testsuite> <!-- SOSFastAutomation.SOSFast.Stations -->
