<?xml version="1.0" encoding="UTF-8"?>
<!-- Generated by org.testng.reporters.JUnitReportReporter -->
<testsuite hostname="Anathi-PC" name="SOSFastAutomation.SOSFast.headbrowser" tests="4" failures="0" timestamp="7 Jun 2019 13:01:46 GMT" time="73.097" errors="0">
  <testcase name="ServiceStation" time="3.338" classname="SOSFastAutomation.SOSFast.headbrowser"/>
  <testcase name="testParameter" time="67.030" classname="SOSFastAutomation.SOSFast.headbrowser"/>
  <testcase name="Dashboard" time="2.421" classname="SOSFastAutomation.SOSFast.headbrowser"/>
  <testcase name="Searchbox" time="0.308" classname="SOSFastAutomation.SOSFast.headbrowser"/>
</testsuite> <!-- SOSFastAutomation.SOSFast.headbrowser -->
